javac -Xlint *.java
1
2
3
4
5
6
7
888
12345
54321
8
888
12345
54321
9
888
12345
54321
10
888
12345
54321
11
888
12345
54321
12
888
12345
54321
13
888
12345
54321
14
888
12345
54321
15
888
12345
54321
16
888
12345
54321
17
888
12345
54321
18
888
12345
54321
19
888
12345
54321
20
210
12345
54321
1
2
3
4
5
6
7
888
12345
54321
8
888
12345
54321
9
888
12345
54321
10
888
12345
54321
11
888
12345
54321
12
888
12345
54321
13
888
12345
54321
14
888
12345
54321
15
888
12345
54321
16
888
12345
54321
17
888
12345
54321
18
888
12345
54321
19
888
12345
54321
20
210
12345
54321
1
2
3
4
5
6
7
888
12345
54321
8
888
12345
54321
9
888
12345
54321
10
888
12345
54321
11
888
12345
54321
12
888
12345
54321
13
888
12345
54321
14
888
12345
54321
15
888
12345
54321
16
888
12345
54321
17
888
12345
54321
18
888
12345
54321
19
888
12345
54321
20
210
12345
54321
4
1111
1
2
3
4
4
2222
1
2
3
4
4
3333
1
2
3
4
5
6
7
8
9
10
12
14
16
16
4444
11
13
15
17
17
5555
1
3
5
7
7
6666
11
13
15
17
17
11
13
15
17
17
17
2
