running e2c t167
warning: on line 30 break statement outside of loop ignored
k
  declared on line 1 at nesting depth 0
  assigned to on: 5 17
  used on: 6 14 18 22
j
  declared on line 1 at nesting depth 0
  assigned to on: 3
  used on: 23 29
i
  declared on line 1 at nesting depth 0
  assigned to on: 9
  used on: 10
sum
  declared on line 1 at nesting depth 0
  assigned to on: 4 6
  used on: 6 7 16 24
compiling the C generated code
executing the a.out
1
2
3
4
5
6
7
888
78
79
36
9
1
2
3
4
5
6
7
888
78
79
36
9
2
7654321
